c:\users\admin\documents\kim\class\240322_ui\dx2d_2312\x64\debug\vc143.pdb
c:\users\admin\documents\kim\class\240322_ui\dx2d_2312\x64\debug\vc143.idb
c:\users\admin\documents\kim\class\240322_ui\dx2d_2312\x64\debug\shader.obj
c:\users\admin\documents\kim\class\240322_ui\dx2d_2312\x64\debug\pixelshader.obj
c:\users\admin\documents\kim\class\240322_ui\dx2d_2312\x64\debug\texture.obj
c:\users\admin\documents\kim\class\240322_ui\dx2d_2312\x64\debug\rendertarget.obj
c:\users\admin\documents\kim\class\240322_ui\dx2d_2312\x64\debug\material.obj
c:\users\admin\documents\kim\class\240322_ui\dx2d_2312\x64\debug\frame.obj
c:\users\admin\documents\kim\class\240322_ui\dx2d_2312\x64\debug\clip.obj
c:\users\admin\documents\kim\class\240322_ui\dx2d_2312\x64\debug\transform.obj
c:\users\admin\documents\kim\class\240322_ui\dx2d_2312\x64\debug\math.obj
c:\users\admin\documents\kim\class\240322_ui\dx2d_2312\x64\debug\environment.obj
c:\users\admin\documents\kim\class\240322_ui\dx2d_2312\x64\debug\camera.obj
c:\users\admin\documents\kim\class\240322_ui\dx2d_2312\x64\debug\device.obj
c:\users\admin\documents\kim\class\240322_ui\dx2d_2312\x64\debug\rectcollider.obj
c:\users\admin\documents\kim\class\240322_ui\dx2d_2312\x64\debug\isometriccollider.obj
c:\users\admin\documents\kim\class\240322_ui\dx2d_2312\x64\debug\collider.obj
c:\users\admin\documents\kim\class\240322_ui\dx2d_2312\x64\debug\circlecollider.obj
c:\users\admin\documents\kim\class\240322_ui\dx2d_2312\x64\debug\vertexbuffer.obj
c:\users\admin\documents\kim\class\240322_ui\dx2d_2312\x64\debug\indexbuffer.obj
c:\users\admin\documents\kim\class\240322_ui\dx2d_2312\x64\debug\constbuffer.obj
c:\users\admin\documents\kim\class\240322_ui\dx2d_2312\x64\debug\dx2d_2312.obj
c:\users\admin\documents\kim\class\240322_ui\dx2d_2312\x64\debug\cookiebullet.obj
c:\users\admin\documents\kim\class\240322_ui\dx2d_2312\x64\debug\cookieaction.obj
c:\users\admin\documents\kim\class\240322_ui\dx2d_2312\x64\debug\cookie.obj
c:\users\admin\documents\kim\class\240322_ui\dx2d_2312\x64\debug\quad.obj
c:\users\admin\documents\kim\class\240322_ui\dx2d_2312\x64\debug\objectmanager.obj
c:\users\admin\documents\kim\class\240322_ui\dx2d_2312\x64\debug\gameobject.obj
c:\users\admin\documents\kim\class\240322_ui\dx2d_2312\x64\debug\effectmanager.obj
c:\users\admin\documents\kim\class\240322_ui\dx2d_2312\x64\debug\effect.obj
c:\users\admin\documents\kim\class\240322_ui\dx2d_2312\x64\debug\action.obj
c:\users\admin\documents\kim\class\240322_ui\dx2d_2312\x64\debug\scenemanager.obj
c:\users\admin\documents\kim\class\240322_ui\dx2d_2312\x64\debug\gamemanager.obj
c:\users\admin\documents\kim\class\240322_ui\dx2d_2312\x64\debug\utility.obj
c:\users\admin\documents\kim\class\240322_ui\dx2d_2312\x64\debug\tinyxml2.obj
c:\users\admin\documents\kim\class\240322_ui\dx2d_2312\x64\debug\timer.obj
c:\users\admin\documents\kim\class\240322_ui\dx2d_2312\x64\debug\observer.obj
c:\users\admin\documents\kim\class\240322_ui\dx2d_2312\x64\debug\keyboard.obj
c:\users\admin\documents\kim\class\240322_ui\dx2d_2312\x64\debug\font.obj
c:\users\admin\documents\kim\class\240322_ui\dx2d_2312\x64\debug\binarywriter.obj
c:\users\admin\documents\kim\class\240322_ui\dx2d_2312\x64\debug\binaryreader.obj
c:\users\admin\documents\kim\class\240322_ui\dx2d_2312\x64\debug\vertexshader.obj
c:\users\admin\documents\kim\class\240322_ui\dx2d_2312\x64\debug\plane.obj
c:\users\admin\documents\kim\class\240322_ui\dx2d_2312\x64\debug\enemymanager.obj
c:\users\admin\documents\kim\class\240322_ui\dx2d_2312\x64\debug\enemy.obj
c:\users\admin\documents\kim\class\240322_ui\dx2d_2312\x64\debug\dashenemy.obj
c:\users\admin\documents\kim\class\240322_ui\dx2d_2312\x64\debug\bulletmanager.obj
c:\users\admin\documents\kim\class\240322_ui\dx2d_2312\x64\debug\bullet.obj
c:\users\admin\documents\kim\class\240322_ui\dx2d_2312\x64\debug\baseskill.obj
c:\users\admin\documents\kim\class\240322_ui\dx2d_2312\x64\debug\basebullet.obj
c:\users\admin\documents\kim\class\240322_ui\dx2d_2312\x64\debug\background.obj
c:\users\admin\documents\kim\class\240322_ui\dx2d_2312\x64\debug\tile.obj
c:\users\admin\documents\kim\class\240322_ui\dx2d_2312\x64\debug\floormanager.obj
c:\users\admin\documents\kim\class\240322_ui\dx2d_2312\x64\debug\floor.obj
c:\users\admin\documents\kim\class\240322_ui\dx2d_2312\x64\debug\edittilemap.obj
c:\users\admin\documents\kim\class\240322_ui\dx2d_2312\x64\debug\cookierun.obj
c:\users\admin\documents\kim\class\240322_ui\dx2d_2312\x64\debug\cookierange.obj
c:\users\admin\documents\kim\class\240322_ui\dx2d_2312\x64\debug\cookiemelee.obj
c:\users\admin\documents\kim\class\240322_ui\dx2d_2312\x64\debug\cookiejumpup.obj
c:\users\admin\documents\kim\class\240322_ui\dx2d_2312\x64\debug\cookiejumpdown.obj
c:\users\admin\documents\kim\class\240322_ui\dx2d_2312\x64\debug\cookiejumpdouble.obj
c:\users\admin\documents\kim\class\240322_ui\dx2d_2312\x64\debug\cookiejump.obj
c:\users\admin\documents\kim\class\240322_ui\dx2d_2312\x64\debug\tileeditscene.obj
c:\users\admin\documents\kim\class\240322_ui\dx2d_2312\x64\debug\shootinggamescene.obj
c:\users\admin\documents\kim\class\240322_ui\dx2d_2312\x64\debug\rendertargetscene.obj
c:\users\admin\documents\kim\class\240322_ui\dx2d_2312\x64\debug\pixelshaderscene.obj
c:\users\admin\documents\kim\class\240322_ui\dx2d_2312\x64\debug\mapeditorscene.obj
c:\users\admin\documents\kim\class\240322_ui\dx2d_2312\x64\debug\collisionscene.obj
c:\users\admin\documents\kim\class\240322_ui\dx2d_2312\x64\debug\animationscene.obj
c:\users\admin\documents\kim\class\240322_ui\dx2d_2312\x64\debug\progressbar.obj
c:\users\admin\documents\kim\class\240322_ui\dx2d_2312\x64\debug\panel.obj
c:\users\admin\documents\kim\class\240322_ui\dx2d_2312\x64\debug\button.obj
c:\users\admin\documents\kim\class\240322_ui\dx2d_2312\x64\debug\upgrade.obj
c:\users\admin\documents\kim\class\240322_ui\dx2d_2312\x64\debug\itemmanager.obj
c:\users\admin\documents\kim\class\240322_ui\dx2d_2312\x64\debug\item.obj
c:\users\admin\documents\kim\class\240322_ui\dx2d_2312\x64\debug\uimanager.obj
c:\users\admin\documents\kim\class\240322_ui\dx2d_2312\x64\debug\inventory.obj
c:\users\admin\documents\kim\class\240322_ui\dx2d_2312\x64\debug\wheelskill.obj
c:\users\admin\documents\kim\class\240322_ui\dx2d_2312\x64\debug\wheelbullet.obj
c:\users\admin\documents\kim\class\240322_ui\dx2d_2312\x64\debug\skill.obj
c:\users\admin\documents\kim\class\240322_ui\dx2d_2312\x64\debug\shootingdatamanager.obj
c:\users\admin\documents\kim\class\240322_ui\dx2d_2312\x64\debug\rangeenemy.obj
c:\users\admin\documents\kim\class\240322_ui\dx2d_2312\x64\debug\tutorialscene.obj
c:\users\admin\documents\kim\class\240322_ui\dx2d_2312\x64\debug\imguifiledialog.obj
c:\users\admin\documents\kim\class\240322_ui\dx2d_2312\x64\debug\tilegamescene.obj
c:\users\admin\documents\kim\class\240322_ui\dx2d_2312\x64\debug\dx2d_2312.pch
c:\users\admin\documents\kim\class\240322_ui\dx2d_2312\x64\debug\framework.obj
c:\users\admin\documents\kim\class\240322_ui\dx2d_2312\x64\debug\amazon.obj
c:\users\admin\documents\kim\class\240322_ui\x64\debug\effect.cso
c:\users\admin\documents\kim\class\240322_ui\x64\debug\filter.cso
c:\users\admin\documents\kim\class\240322_ui\x64\debug\light.cso
c:\users\admin\documents\kim\class\240322_ui\x64\debug\multi.cso
c:\users\admin\documents\kim\class\240322_ui\x64\debug\outline.cso
c:\users\admin\documents\kim\class\240322_ui\x64\debug\pixel.cso
c:\users\admin\documents\kim\class\240322_ui\x64\debug\pixeluv.cso
c:\users\admin\documents\kim\class\240322_ui\x64\debug\progressbar.cso
c:\users\admin\documents\kim\class\240322_ui\x64\debug\tutorial.cso
c:\users\admin\documents\kim\class\240322_ui\x64\debug\vertex.cso
c:\users\admin\documents\kim\class\240322_ui\x64\debug\vertexuv.cso
c:\users\admin\documents\kim\class\240322_ui\x64\debug\dx2d_2312.exe
c:\users\admin\documents\kim\class\240322_ui\x64\debug\dx2d_2312.pdb
c:\users\admin\documents\kim\class\240322_ui\dx2d_2312\x64\debug\dx2d_2312.res
c:\users\admin\documents\kim\class\240322_ui\x64\debug\dx2d_2312.lib
c:\users\admin\documents\kim\class\240322_ui\x64\debug\dx2d_2312.exp
c:\users\admin\documents\kim\class\240322_ui\dx2d_2312\x64\debug\dx2d_2312.ilk
c:\users\admin\documents\kim\class\240322_ui\dx2d_2312\x64\debug\dx2d_2312.tlog\cl.command.1.tlog
c:\users\admin\documents\kim\class\240322_ui\dx2d_2312\x64\debug\dx2d_2312.tlog\cl.items.tlog
c:\users\admin\documents\kim\class\240322_ui\dx2d_2312\x64\debug\dx2d_2312.tlog\cl.read.1.tlog
c:\users\admin\documents\kim\class\240322_ui\dx2d_2312\x64\debug\dx2d_2312.tlog\cl.write.1.tlog
c:\users\admin\documents\kim\class\240322_ui\dx2d_2312\x64\debug\dx2d_2312.tlog\fxc.command.1.tlog
c:\users\admin\documents\kim\class\240322_ui\dx2d_2312\x64\debug\dx2d_2312.tlog\fxc.read.1.tlog
c:\users\admin\documents\kim\class\240322_ui\dx2d_2312\x64\debug\dx2d_2312.tlog\fxc.write.1.tlog
c:\users\admin\documents\kim\class\240322_ui\dx2d_2312\x64\debug\dx2d_2312.tlog\link.command.1.tlog
c:\users\admin\documents\kim\class\240322_ui\dx2d_2312\x64\debug\dx2d_2312.tlog\link.read.1.tlog
c:\users\admin\documents\kim\class\240322_ui\dx2d_2312\x64\debug\dx2d_2312.tlog\link.secondary.1.tlog
c:\users\admin\documents\kim\class\240322_ui\dx2d_2312\x64\debug\dx2d_2312.tlog\link.write.1.tlog
c:\users\admin\documents\kim\class\240322_ui\dx2d_2312\x64\debug\dx2d_2312.tlog\rc.command.1.tlog
c:\users\admin\documents\kim\class\240322_ui\dx2d_2312\x64\debug\dx2d_2312.tlog\rc.read.1.tlog
c:\users\admin\documents\kim\class\240322_ui\dx2d_2312\x64\debug\dx2d_2312.tlog\rc.write.1.tlog
