  TileManager.cpp
F:\git\CrazyArcade\DX2D_2312\Objects\CA\Map\TileManager.cpp(29,5): warning C4018: '<': signed 또는 unsigned가 일치하지 않습니다.
  (소스 파일 '/Objects/CA/Map/TileManager.cpp'을(를) 컴파일하는 중)
  
F:\git\CrazyArcade\DX2D_2312\Objects\CA\Map\TileManager.cpp(30,9): warning C4018: '<': signed 또는 unsigned가 일치하지 않습니다.
  (소스 파일 '/Objects/CA/Map/TileManager.cpp'을(를) 컴파일하는 중)
  
F:\git\CrazyArcade\DX2D_2312\Objects\CA\Map\TileManager.cpp(77,5): warning C4018: '<': signed 또는 unsigned가 일치하지 않습니다.
  (소스 파일 '/Objects/CA/Map/TileManager.cpp'을(를) 컴파일하는 중)
  
F:\git\CrazyArcade\DX2D_2312\Objects\CA\Map\TileManager.cpp(78,9): warning C4018: '<': signed 또는 unsigned가 일치하지 않습니다.
  (소스 파일 '/Objects/CA/Map/TileManager.cpp'을(를) 컴파일하는 중)
  
F:\git\CrazyArcade\DX2D_2312\Objects\CA\Map\TileManager.cpp(84,51): warning C4244: '인수': 'int'에서 'const float'(으)로 변환하면서 데이터가 손실될 수 있습니다.
  (소스 파일 '/Objects/CA/Map/TileManager.cpp'을(를) 컴파일하는 중)
  
F:\git\CrazyArcade\DX2D_2312\Objects\CA\Map\TileManager.cpp(84,68): warning C4244: '인수': 'int'에서 'const float'(으)로 변환하면서 데이터가 손실될 수 있습니다.
  (소스 파일 '/Objects/CA/Map/TileManager.cpp'을(를) 컴파일하는 중)
  
F:\git\CrazyArcade\DX2D_2312\Objects\CA\Map\TileManager.cpp(109,5): warning C4018: '<': signed 또는 unsigned가 일치하지 않습니다.
  (소스 파일 '/Objects/CA/Map/TileManager.cpp'을(를) 컴파일하는 중)
  
F:\git\CrazyArcade\DX2D_2312\Objects\CA\Map\TileManager.cpp(110,9): warning C4018: '<': signed 또는 unsigned가 일치하지 않습니다.
  (소스 파일 '/Objects/CA/Map/TileManager.cpp'을(를) 컴파일하는 중)
  
F:\git\CrazyArcade\DX2D_2312\Objects\CA\Map\TileManager.cpp(158,48): warning C4244: '인수': 'const float'에서 'const unsigned __int64'(으)로 변환하면서 데이터가 손실될 수 있습니다.
  (소스 파일 '/Objects/CA/Map/TileManager.cpp'을(를) 컴파일하는 중)
  
F:\git\CrazyArcade\DX2D_2312\Objects\CA\Map\TileManager.cpp(158,55): warning C4244: '인수': 'const float'에서 'const unsigned __int64'(으)로 변환하면서 데이터가 손실될 수 있습니다.
  (소스 파일 '/Objects/CA/Map/TileManager.cpp'을(를) 컴파일하는 중)
  
F:\git\CrazyArcade\DX2D_2312\Objects\CA\Map\TileManager.cpp(223,26): warning C4244: '인수': 'float'에서 'const unsigned __int64'(으)로 변환하면서 데이터가 손실될 수 있습니다.
  (소스 파일 '/Objects/CA/Map/TileManager.cpp'을(를) 컴파일하는 중)
  
F:\git\CrazyArcade\DX2D_2312\Objects\CA\Map\TileManager.cpp(223,36): warning C4244: '인수': 'float'에서 'const unsigned __int64'(으)로 변환하면서 데이터가 손실될 수 있습니다.
  (소스 파일 '/Objects/CA/Map/TileManager.cpp'을(를) 컴파일하는 중)
  
  DX2D_2312.vcxproj -> F:\git\CrazyArcade\x64\Debug\DX2D_2312.exe
